<?xml version="1.0" encoding="UTF-8"?>
<testsuites>
  <testsuite name="testing_before_each_in_describe_section" timestamp="2018-05-30T15:14:36" time="0.001" tests="2" failures="0" errors="0" skipped="2">
    <properties>
      <property name="specId" value="d2ea841301440b1dc4cee33e6f33098a"/>
      <property name="suiteName" value="Testing - Before Each in describe section"/>
      <property name="capabilities" value="chrome"/>
      <property name="file" value="./spec/sampleSpecs/_A_beforeEach.test.js"/>
    </properties>
    <testcase classname="chrome.testing_before_each_in_describe_section" name="should_have_a_title" time="0.001">
      <skipped/>
    </testcase>
    <testcase classname="chrome.testing_before_each_in_describe_section" name="should_have_text_women_in_breadcrumb" time="0">
      <skipped/>
    </testcase>
  </testsuite>
</testsuites>