<?xml version="1.0" encoding="UTF-8"?>
<testsuites>
  <testsuite name="long_test_case" timestamp="2018-08-27T12:41:54" time="11.551" tests="1" failures="0" errors="0" skipped="0">
    <properties>
      <property name="specId" value="10ccbe318da0aad7cba30724d975d469"/>
      <property name="suiteName" value="Long test case "/>
      <property name="capabilities" value="chrome"/>
      <property name="file" value="./spec/pageOne/_L_sample.test.js"/>
    </properties>
    <testcase classname="chrome.long_test_case" name="should_pass_sample_test" time="8.72">
      <system-out>
        <![CDATA[
COMMAND: POST http://localhost:4444/wd/hub/session/1672028ac0eeaca2225f6d93b414a375/element - {"using":"css selector","value":"footer"}
RESULT: {"sessionId":"1672028ac0eeaca2225f6d93b414a375","status":0,"value":{"ELEMENT":"0.2224908923335729-1"}}
COMMAND: GET http://localhost:4444/wd/hub/session/1672028ac0eeaca2225f6d93b414a375/element/0.2224908923335729-1/location - {}
RESULT: {"sessionId":"1672028ac0eeaca2225f6d93b414a375","status":0,"value":{"ceil":{},"clone":{},"floor":{},"round":{},"scale":{},"toString":{},"translate":{},"x":0,"y":274.953125}}
COMMAND: POST http://localhost:4444/wd/hub/session/1672028ac0eeaca2225f6d93b414a375/execute - {"script":"return (function scroll(x, y) {\n    return window.scrollTo(x, y);\n}).apply(null, arguments)","args":[0,274.953125]}
RESULT: {"sessionId":"1672028ac0eeaca2225f6d93b414a375","status":0,"value":null}
COMMAND: POST http://localhost:4444/wd/hub/session/1672028ac0eeaca2225f6d93b414a375/element - {"using":"id","value":"desktopSearch"}
RESULT: {"sessionId":"1672028ac0eeaca2225f6d93b414a375","status":0,"value":{"ELEMENT":"0.2224908923335729-2"}}
COMMAND: GET http://localhost:4444/wd/hub/session/1672028ac0eeaca2225f6d93b414a375/element/0.2224908923335729-2/location - {}
RESULT: {"sessionId":"1672028ac0eeaca2225f6d93b414a375","status":0,"value":{"ceil":{},"clone":{},"floor":{},"round":{},"scale":{},"toString":{},"translate":{},"x":407,"y":68}}
COMMAND: POST http://localhost:4444/wd/hub/session/1672028ac0eeaca2225f6d93b414a375/execute - {"script":"return (function scroll(x, y) {\n    return window.scrollTo(x, y);\n}).apply(null, arguments)","args":[407,68]}
RESULT: {"sessionId":"1672028ac0eeaca2225f6d93b414a375","status":0,"value":null}
COMMAND: POST http://localhost:4444/wd/hub/session/1672028ac0eeaca2225f6d93b414a375/elements - {"using":"id","value":"desktopSearch"}
RESULT: {"sessionId":"1672028ac0eeaca2225f6d93b414a375","status":0,"value":[{"ELEMENT":"0.2224908923335729-2"}]}
COMMAND: POST http://localhost:4444/wd/hub/session/1672028ac0eeaca2225f6d93b414a375/element/0.2224908923335729-2/clear - {}
RESULT: {"sessionId":"1672028ac0eeaca2225f6d93b414a375","status":0,"value":null}
COMMAND: POST http://localhost:4444/wd/hub/session/1672028ac0eeaca2225f6d93b414a375/element/0.2224908923335729-2/value - {"value":["d","r","e","s","s"],"text":"dress"}
RESULT: {"sessionId":"1672028ac0eeaca2225f6d93b414a375","status":0,"value":null}
COMMAND: POST http://localhost:4444/wd/hub/session/1672028ac0eeaca2225f6d93b414a375/element - {"using":"css selector","value":"#desktopSearch + button"}
RESULT: {"sessionId":"1672028ac0eeaca2225f6d93b414a375","status":0,"value":{"ELEMENT":"0.2224908923335729-3"}}
COMMAND: POST http://localhost:4444/wd/hub/session/1672028ac0eeaca2225f6d93b414a375/element/0.2224908923335729-3/click - {}
RESULT: {"sessionId":"1672028ac0eeaca2225f6d93b414a375","status":0,"value":null}
COMMAND: GET http://localhost:4444/wd/hub/session/1672028ac0eeaca2225f6d93b414a375/title - {}
RESULT: {"sessionId":"1672028ac0eeaca2225f6d93b414a375","status":0,"value":"Search results for \"dress\" | John Lewis"}
COMMAND: POST http://localhost:4444/wd/hub/session/1672028ac0eeaca2225f6d93b414a375/elements - {"using":"css selector","value":".product-list-heading"}
RESULT: {"sessionId":"1672028ac0eeaca2225f6d93b414a375","status":0,"value":[{"ELEMENT":"0.47049371780455385-1"}]}
COMMAND: GET http://localhost:4444/wd/hub/session/1672028ac0eeaca2225f6d93b414a375/element/0.47049371780455385-1/text - {}
RESULT: {"sessionId":"1672028ac0eeaca2225f6d93b414a375","status":0,"value":"‘dress’ (6759)"}
COMMAND: GET http://localhost:4444/wd/hub/session/1672028ac0eeaca2225f6d93b414a375/title - {}
RESULT: {"sessionId":"1672028ac0eeaca2225f6d93b414a375","status":0,"value":"Search results for \"dress\" | John Lewis"}
COMMAND: GET http://localhost:4444/wd/hub/session/1672028ac0eeaca2225f6d93b414a375/title - {}
RESULT: {"sessionId":"1672028ac0eeaca2225f6d93b414a375","status":0,"value":"Search results for \"dress\" | John Lewis"}
COMMAND: POST http://localhost:4444/wd/hub/session/1672028ac0eeaca2225f6d93b414a375/element - {"using":"css selector","value":".product-list-heading"}
RESULT: {"sessionId":"1672028ac0eeaca2225f6d93b414a375","status":0,"value":{"ELEMENT":"0.47049371780455385-1"}}
COMMAND: GET http://localhost:4444/wd/hub/session/1672028ac0eeaca2225f6d93b414a375/element/0.47049371780455385-1/text - {}
RESULT: {"sessionId":"1672028ac0eeaca2225f6d93b414a375","status":0,"value":"‘dress’ (6759)"}
COMMAND: POST http://localhost:4444/wd/hub/session/1672028ac0eeaca2225f6d93b414a375/element - {"using":"css selector","value":".product-list-image"}
RESULT: {"sessionId":"1672028ac0eeaca2225f6d93b414a375","status":0,"value":{"ELEMENT":"0.47049371780455385-2"}}
COMMAND: POST http://localhost:4444/wd/hub/session/1672028ac0eeaca2225f6d93b414a375/moveto - {"element":"0.47049371780455385-2"}
RESULT: {"sessionId":"1672028ac0eeaca2225f6d93b414a375","status":0,"value":null}
COMMAND: POST http://localhost:4444/wd/hub/session/1672028ac0eeaca2225f6d93b414a375/element - {"using":"css selector","value":".plp-quickview--container"}
RESULT: {"sessionId":"1672028ac0eeaca2225f6d93b414a375","status":0,"value":{"ELEMENT":"0.47049371780455385-3"}}
COMMAND: POST http://localhost:4444/wd/hub/session/1672028ac0eeaca2225f6d93b414a375/moveto - {"element":"0.47049371780455385-3"}
RESULT: {"sessionId":"1672028ac0eeaca2225f6d93b414a375","status":0,"value":null}
COMMAND: POST http://localhost:4444/wd/hub/session/1672028ac0eeaca2225f6d93b414a375/element - {"using":"css selector","value":".plp-quickview--container"}
RESULT: {"sessionId":"1672028ac0eeaca2225f6d93b414a375","status":0,"value":{"ELEMENT":"0.47049371780455385-3"}}
COMMAND: POST http://localhost:4444/wd/hub/session/1672028ac0eeaca2225f6d93b414a375/element/0.47049371780455385-3/click - {}
RESULT: {"sessionId":"1672028ac0eeaca2225f6d93b414a375","status":0,"value":null}
COMMAND: POST http://localhost:4444/wd/hub/session/1672028ac0eeaca2225f6d93b414a375/elements - {"using":"css selector","value":".plp-quickview--add-to-basket-cta"}
RESULT: {"sessionId":"1672028ac0eeaca2225f6d93b414a375","status":0,"value":[]}
COMMAND: POST http://localhost:4444/wd/hub/session/1672028ac0eeaca2225f6d93b414a375/elements - {"using":"css selector","value":".plp-quickview--add-to-basket-cta"}
RESULT: {"sessionId":"1672028ac0eeaca2225f6d93b414a375","status":0,"value":[]}
COMMAND: POST http://localhost:4444/wd/hub/session/1672028ac0eeaca2225f6d93b414a375/elements - {"using":"css selector","value":".plp-quickview--add-to-basket-cta"}
RESULT: {"sessionId":"1672028ac0eeaca2225f6d93b414a375","status":0,"value":[{"ELEMENT":"0.47049371780455385-4"}]}
COMMAND: GET http://localhost:4444/wd/hub/session/1672028ac0eeaca2225f6d93b414a375/element/0.47049371780455385-4/displayed - {}
RESULT: {"sessionId":"1672028ac0eeaca2225f6d93b414a375","status":0,"value":true}
COMMAND: POST http://localhost:4444/wd/hub/session/1672028ac0eeaca2225f6d93b414a375/element - {"using":"css selector","value":".plp-quickview--add-to-basket-cta"}
RESULT: {"sessionId":"1672028ac0eeaca2225f6d93b414a375","status":0,"value":{"ELEMENT":"0.47049371780455385-4"}}
COMMAND: POST http://localhost:4444/wd/hub/session/1672028ac0eeaca2225f6d93b414a375/moveto - {"element":"0.47049371780455385-4"}
RESULT: {"sessionId":"1672028ac0eeaca2225f6d93b414a375","status":0,"value":null}
COMMAND: POST http://localhost:4444/wd/hub/session/1672028ac0eeaca2225f6d93b414a375/element - {"using":"css selector","value":".plp-quickview--add-to-basket-cta button"}
RESULT: {"sessionId":"1672028ac0eeaca2225f6d93b414a375","status":0,"value":{"ELEMENT":"0.47049371780455385-5"}}
COMMAND: GET http://localhost:4444/wd/hub/session/1672028ac0eeaca2225f6d93b414a375/element/0.47049371780455385-5/text - {}
RESULT: {"sessionId":"1672028ac0eeaca2225f6d93b414a375","status":0,"value":"Choose a size first"}
COMMAND: POST http://localhost:4444/wd/hub/session/1672028ac0eeaca2225f6d93b414a375/element - {"using":"css selector","value":".size-link"}
RESULT: {"sessionId":"1672028ac0eeaca2225f6d93b414a375","status":0,"value":{"ELEMENT":"0.47049371780455385-6"}}
COMMAND: POST http://localhost:4444/wd/hub/session/1672028ac0eeaca2225f6d93b414a375/element/0.47049371780455385-6/click - {}
RESULT: {"sessionId":"1672028ac0eeaca2225f6d93b414a375","status":0,"value":null}
COMMAND: POST http://localhost:4444/wd/hub/session/1672028ac0eeaca2225f6d93b414a375/element - {"using":"css selector","value":".plp-quickview--add-to-basket-cta button"}
RESULT: {"sessionId":"1672028ac0eeaca2225f6d93b414a375","status":0,"value":{"ELEMENT":"0.47049371780455385-5"}}
COMMAND: GET http://localhost:4444/wd/hub/session/1672028ac0eeaca2225f6d93b414a375/element/0.47049371780455385-5/text - {}
RESULT: {"sessionId":"1672028ac0eeaca2225f6d93b414a375","status":0,"value":"Add to basket"}
COMMAND: DELETE http://localhost:4444/wd/hub/session/1672028ac0eeaca2225f6d93b414a375 - {}
RESULT: {"sessionId":"1672028ac0eeaca2225f6d93b414a375","status":0,"value":null}
]]>
      </system-out>
    </testcase>
  </testsuite>
</testsuites>