<?xml version="1.0" encoding="UTF-8"?>
<testsuites>
  <testsuite name="testing_before_each_in_describe_section" timestamp="2018-05-30T15:14:37" time="0" tests="2" failures="0" errors="0" skipped="2">
    <properties>
      <property name="specId" value="63b3e0f158ed73d13babc02560aa7a79"/>
      <property name="suiteName" value="Testing - Before Each in describe section"/>
      <property name="capabilities" value="chrome"/>
      <property name="file" value="./spec/sampleSpecs/_A_globalBefore.test.js"/>
    </properties>
    <testcase classname="chrome.testing_before_each_in_describe_section" name="should_have_a_title" time="0">
      <skipped/>
    </testcase>
    <testcase classname="chrome.testing_before_each_in_describe_section" name="should_have_text_women_in_breadcrumb" time="0">
      <skipped/>
    </testcase>
  </testsuite>
</testsuites>